[ 2017-07-29T21:06:07+08:00 ] 127.0.0.1 /psd1703/day_09/%e4%ba%ac%e4%b8%9c%e5%95%86%e5%9f%8e/360buy/index.php
INFO: [ app_init ] --START--
INFO: Run Behavior\BuildLiteBehavior [ RunTime:0.000035s ]
INFO: [ app_init ] --END-- [ RunTime:0.017873s ]
INFO: [ app_begin ] --START--
INFO: Run Behavior\ReadHtmlCacheBehavior [ RunTime:0.015811s ]
INFO: [ app_begin ] --END-- [ RunTime:0.015901s ]
INFO: [ view_parse ] --START--
INFO: [ template_filter ] --START--
INFO: Run Behavior\ContentReplaceBehavior [ RunTime:0.000373s ]
INFO: [ template_filter ] --END-- [ RunTime:0.000399s ]
NOTIC: [8] Use of undefined constant index - assumed 'index' D:\www\psd1703\day_09\京东商城\360buy\application\Runtime\Cache\Home\0e9f9964b50249c273d1dbef3ee7dd51.php 第 256 行.
NOTIC: [8] Use of undefined constant category1 - assumed 'category1' D:\www\psd1703\day_09\京东商城\360buy\application\Runtime\Cache\Home\0e9f9964b50249c273d1dbef3ee7dd51.php 第 259 行.
NOTIC: [8] Use of undefined constant auction - assumed 'auction' D:\www\psd1703\day_09\京东商城\360buy\application\Runtime\Cache\Home\0e9f9964b50249c273d1dbef3ee7dd51.php 第 262 行.
NOTIC: [8] Use of undefined constant Diy - assumed 'Diy' D:\www\psd1703\day_09\京东商城\360buy\application\Runtime\Cache\Home\0e9f9964b50249c273d1dbef3ee7dd51.php 第 265 行.
NOTIC: [8] Use of undefined constant Message - assumed 'Message' D:\www\psd1703\day_09\京东商城\360buy\application\Runtime\Cache\Home\0e9f9964b50249c273d1dbef3ee7dd51.php 第 268 行.
NOTIC: [8] Use of undefined constant category2 - assumed 'category2' D:\www\psd1703\day_09\京东商城\360buy\application\Runtime\Cache\Home\0e9f9964b50249c273d1dbef3ee7dd51.php 第 271 行.
NOTIC: [8] Use of undefined constant category3 - assumed 'category3' D:\www\psd1703\day_09\京东商城\360buy\application\Runtime\Cache\Home\0e9f9964b50249c273d1dbef3ee7dd51.php 第 274 行.
INFO: Run Behavior\ParseTemplateBehavior [ RunTime:0.118979s ]
INFO: [ view_parse ] --END-- [ RunTime:0.119040s ]
INFO: [ view_filter ] --START--
INFO: Run Behavior\WriteHtmlCacheBehavior [ RunTime:0.012745s ]
INFO: [ view_filter ] --END-- [ RunTime:0.012774s ]
INFO: [ app_end ] --START--
INFO: Run Behavior\ShowPageTraceBehavior [ RunTime:0.010685s ]
INFO: [ app_end ] --END-- [ RunTime:0.010720s ]

[ 2017-07-29T21:06:14+08:00 ] 127.0.0.1 /psd1703/day_09/%E4%BA%AC%E4%B8%9C%E5%95%86%E5%9F%8E/360buy/index.php/Category/index/id/1
INFO: [ app_init ] --START--
INFO: Run Behavior\BuildLiteBehavior [ RunTime:0.000009s ]
INFO: [ app_init ] --END-- [ RunTime:0.000642s ]
INFO: [ app_begin ] --START--
INFO: Run Behavior\ReadHtmlCacheBehavior [ RunTime:0.000990s ]
INFO: [ app_begin ] --END-- [ RunTime:0.001013s ]
INFO: [ view_parse ] --START--
INFO: [ template_filter ] --START--
INFO: Run Behavior\ContentReplaceBehavior [ RunTime:0.000135s ]
INFO: [ template_filter ] --END-- [ RunTime:0.000159s ]
NOTIC: [8] Use of undefined constant index - assumed 'index' D:\www\psd1703\day_09\京东商城\360buy\application\Runtime\Cache\Home\56ece5756b1d63f72922b36f9e05a4d6.php 第 128 行.
NOTIC: [8] Use of undefined constant category1 - assumed 'category1' D:\www\psd1703\day_09\京东商城\360buy\application\Runtime\Cache\Home\56ece5756b1d63f72922b36f9e05a4d6.php 第 131 行.
NOTIC: [8] Use of undefined constant auction - assumed 'auction' D:\www\psd1703\day_09\京东商城\360buy\application\Runtime\Cache\Home\56ece5756b1d63f72922b36f9e05a4d6.php 第 134 行.
NOTIC: [8] Use of undefined constant Diy - assumed 'Diy' D:\www\psd1703\day_09\京东商城\360buy\application\Runtime\Cache\Home\56ece5756b1d63f72922b36f9e05a4d6.php 第 137 行.
NOTIC: [8] Use of undefined constant Message - assumed 'Message' D:\www\psd1703\day_09\京东商城\360buy\application\Runtime\Cache\Home\56ece5756b1d63f72922b36f9e05a4d6.php 第 140 行.
NOTIC: [8] Use of undefined constant category2 - assumed 'category2' D:\www\psd1703\day_09\京东商城\360buy\application\Runtime\Cache\Home\56ece5756b1d63f72922b36f9e05a4d6.php 第 143 行.
NOTIC: [8] Use of undefined constant category3 - assumed 'category3' D:\www\psd1703\day_09\京东商城\360buy\application\Runtime\Cache\Home\56ece5756b1d63f72922b36f9e05a4d6.php 第 146 行.
INFO: Run Behavior\ParseTemplateBehavior [ RunTime:0.030385s ]
INFO: [ view_parse ] --END-- [ RunTime:0.030409s ]
INFO: [ view_filter ] --START--
INFO: Run Behavior\WriteHtmlCacheBehavior [ RunTime:0.000597s ]
INFO: [ view_filter ] --END-- [ RunTime:0.000614s ]
INFO: [ app_end ] --START--
INFO: Run Behavior\ShowPageTraceBehavior [ RunTime:0.000844s ]
INFO: [ app_end ] --END-- [ RunTime:0.000948s ]

[ 2017-07-29T21:06:15+08:00 ] 127.0.0.1 /psd1703/day_09/%E4%BA%AC%E4%B8%9C%E5%95%86%E5%9F%8E/360buy/index.php/Auction/index
INFO: [ app_init ] --START--
INFO: Run Behavior\BuildLiteBehavior [ RunTime:0.000007s ]
INFO: [ app_init ] --END-- [ RunTime:0.000517s ]
INFO: [ app_begin ] --START--
INFO: Run Behavior\ReadHtmlCacheBehavior [ RunTime:0.000861s ]
INFO: [ app_begin ] --END-- [ RunTime:0.000881s ]
INFO: [ view_parse ] --START--
INFO: [ template_filter ] --START--
INFO: Run Behavior\ContentReplaceBehavior [ RunTime:0.000136s ]
INFO: [ template_filter ] --END-- [ RunTime:0.000162s ]
NOTIC: [8] Use of undefined constant index - assumed 'index' D:\www\psd1703\day_09\京东商城\360buy\application\Runtime\Cache\Home\1fe99eff4edbc732d865dffef32db8a6.php 第 89 行.
NOTIC: [8] Use of undefined constant category1 - assumed 'category1' D:\www\psd1703\day_09\京东商城\360buy\application\Runtime\Cache\Home\1fe99eff4edbc732d865dffef32db8a6.php 第 92 行.
NOTIC: [8] Use of undefined constant auction - assumed 'auction' D:\www\psd1703\day_09\京东商城\360buy\application\Runtime\Cache\Home\1fe99eff4edbc732d865dffef32db8a6.php 第 95 行.
NOTIC: [8] Use of undefined constant Diy - assumed 'Diy' D:\www\psd1703\day_09\京东商城\360buy\application\Runtime\Cache\Home\1fe99eff4edbc732d865dffef32db8a6.php 第 98 行.
NOTIC: [8] Use of undefined constant Message - assumed 'Message' D:\www\psd1703\day_09\京东商城\360buy\application\Runtime\Cache\Home\1fe99eff4edbc732d865dffef32db8a6.php 第 101 行.
NOTIC: [8] Use of undefined constant category2 - assumed 'category2' D:\www\psd1703\day_09\京东商城\360buy\application\Runtime\Cache\Home\1fe99eff4edbc732d865dffef32db8a6.php 第 104 行.
NOTIC: [8] Use of undefined constant category3 - assumed 'category3' D:\www\psd1703\day_09\京东商城\360buy\application\Runtime\Cache\Home\1fe99eff4edbc732d865dffef32db8a6.php 第 107 行.
INFO: Run Behavior\ParseTemplateBehavior [ RunTime:0.020777s ]
INFO: [ view_parse ] --END-- [ RunTime:0.020822s ]
INFO: [ view_filter ] --START--
INFO: Run Behavior\WriteHtmlCacheBehavior [ RunTime:0.000746s ]
INFO: [ view_filter ] --END-- [ RunTime:0.000772s ]
INFO: [ app_end ] --START--
INFO: Run Behavior\ShowPageTraceBehavior [ RunTime:0.001038s ]
INFO: [ app_end ] --END-- [ RunTime:0.001076s ]

[ 2017-07-29T21:06:20+08:00 ] 127.0.0.1 /psd1703/day_09/%E4%BA%AC%E4%B8%9C%E5%95%86%E5%9F%8E/360buy/index.php/Auction/view
INFO: [ app_init ] --START--
INFO: Run Behavior\BuildLiteBehavior [ RunTime:0.000008s ]
INFO: [ app_init ] --END-- [ RunTime:0.000630s ]
INFO: [ app_begin ] --START--
INFO: Run Behavior\ReadHtmlCacheBehavior [ RunTime:0.000904s ]
INFO: [ app_begin ] --END-- [ RunTime:0.000941s ]
INFO: [ view_parse ] --START--
INFO: [ template_filter ] --START--
INFO: Run Behavior\ContentReplaceBehavior [ RunTime:0.000174s ]
INFO: [ template_filter ] --END-- [ RunTime:0.000202s ]
NOTIC: [8] Use of undefined constant index - assumed 'index' D:\www\psd1703\day_09\京东商城\360buy\application\Runtime\Cache\Home\8b8bedd3ffbfe1675549e26d35a535e8.php 第 91 行.
NOTIC: [8] Use of undefined constant category1 - assumed 'category1' D:\www\psd1703\day_09\京东商城\360buy\application\Runtime\Cache\Home\8b8bedd3ffbfe1675549e26d35a535e8.php 第 94 行.
NOTIC: [8] Use of undefined constant auction - assumed 'auction' D:\www\psd1703\day_09\京东商城\360buy\application\Runtime\Cache\Home\8b8bedd3ffbfe1675549e26d35a535e8.php 第 97 行.
NOTIC: [8] Use of undefined constant Diy - assumed 'Diy' D:\www\psd1703\day_09\京东商城\360buy\application\Runtime\Cache\Home\8b8bedd3ffbfe1675549e26d35a535e8.php 第 100 行.
NOTIC: [8] Use of undefined constant Message - assumed 'Message' D:\www\psd1703\day_09\京东商城\360buy\application\Runtime\Cache\Home\8b8bedd3ffbfe1675549e26d35a535e8.php 第 103 行.
NOTIC: [8] Use of undefined constant category2 - assumed 'category2' D:\www\psd1703\day_09\京东商城\360buy\application\Runtime\Cache\Home\8b8bedd3ffbfe1675549e26d35a535e8.php 第 106 行.
NOTIC: [8] Use of undefined constant category3 - assumed 'category3' D:\www\psd1703\day_09\京东商城\360buy\application\Runtime\Cache\Home\8b8bedd3ffbfe1675549e26d35a535e8.php 第 109 行.
INFO: Run Behavior\ParseTemplateBehavior [ RunTime:0.023603s ]
INFO: [ view_parse ] --END-- [ RunTime:0.023636s ]
INFO: [ view_filter ] --START--
INFO: Run Behavior\WriteHtmlCacheBehavior [ RunTime:0.000576s ]
INFO: [ view_filter ] --END-- [ RunTime:0.000592s ]
INFO: [ app_end ] --START--
INFO: Run Behavior\ShowPageTraceBehavior [ RunTime:0.000870s ]
INFO: [ app_end ] --END-- [ RunTime:0.000897s ]

[ 2017-07-29T21:06:20+08:00 ] 127.0.0.1 /psd1703/day_09/%E4%BA%AC%E4%B8%9C%E5%95%86%E5%9F%8E/360buy/index.php/Auction/themes/jindong/stye.css
INFO: [ app_init ] --START--
INFO: Run Behavior\BuildLiteBehavior [ RunTime:0.000022s ]
INFO: [ app_init ] --END-- [ RunTime:0.001797s ]
INFO: [ app_begin ] --START--
INFO: Run Behavior\ReadHtmlCacheBehavior [ RunTime:0.004092s ]
INFO: [ app_begin ] --END-- [ RunTime:0.004174s ]
ERR: 非法操作:themes

[ 2017-07-29T21:06:23+08:00 ] 127.0.0.1 /psd1703/day_09/%E4%BA%AC%E4%B8%9C%E5%95%86%E5%9F%8E/360buy/index.php/Category/index/id/1
INFO: [ app_init ] --START--
INFO: Run Behavior\BuildLiteBehavior [ RunTime:0.000009s ]
INFO: [ app_init ] --END-- [ RunTime:0.000399s ]
INFO: [ app_begin ] --START--
INFO: Run Behavior\ReadHtmlCacheBehavior [ RunTime:0.000689s ]
INFO: [ app_begin ] --END-- [ RunTime:0.000730s ]
INFO: [ view_parse ] --START--
INFO: [ template_filter ] --START--
INFO: Run Behavior\ContentReplaceBehavior [ RunTime:0.000139s ]
INFO: [ template_filter ] --END-- [ RunTime:0.000160s ]
NOTIC: [8] Use of undefined constant index - assumed 'index' D:\www\psd1703\day_09\京东商城\360buy\application\Runtime\Cache\Home\56ece5756b1d63f72922b36f9e05a4d6.php 第 128 行.
NOTIC: [8] Use of undefined constant category1 - assumed 'category1' D:\www\psd1703\day_09\京东商城\360buy\application\Runtime\Cache\Home\56ece5756b1d63f72922b36f9e05a4d6.php 第 131 行.
NOTIC: [8] Use of undefined constant auction - assumed 'auction' D:\www\psd1703\day_09\京东商城\360buy\application\Runtime\Cache\Home\56ece5756b1d63f72922b36f9e05a4d6.php 第 134 行.
NOTIC: [8] Use of undefined constant Diy - assumed 'Diy' D:\www\psd1703\day_09\京东商城\360buy\application\Runtime\Cache\Home\56ece5756b1d63f72922b36f9e05a4d6.php 第 137 行.
NOTIC: [8] Use of undefined constant Message - assumed 'Message' D:\www\psd1703\day_09\京东商城\360buy\application\Runtime\Cache\Home\56ece5756b1d63f72922b36f9e05a4d6.php 第 140 行.
NOTIC: [8] Use of undefined constant category2 - assumed 'category2' D:\www\psd1703\day_09\京东商城\360buy\application\Runtime\Cache\Home\56ece5756b1d63f72922b36f9e05a4d6.php 第 143 行.
NOTIC: [8] Use of undefined constant category3 - assumed 'category3' D:\www\psd1703\day_09\京东商城\360buy\application\Runtime\Cache\Home\56ece5756b1d63f72922b36f9e05a4d6.php 第 146 行.
INFO: Run Behavior\ParseTemplateBehavior [ RunTime:0.007381s ]
INFO: [ view_parse ] --END-- [ RunTime:0.007402s ]
INFO: [ view_filter ] --START--
INFO: Run Behavior\WriteHtmlCacheBehavior [ RunTime:0.000312s ]
INFO: [ view_filter ] --END-- [ RunTime:0.000329s ]
INFO: [ app_end ] --START--
INFO: Run Behavior\ShowPageTraceBehavior [ RunTime:0.000527s ]
INFO: [ app_end ] --END-- [ RunTime:0.000549s ]

[ 2017-07-29T21:06:24+08:00 ] 127.0.0.1 /psd1703/day_09/%E4%BA%AC%E4%B8%9C%E5%95%86%E5%9F%8E/360buy/index.php/Auction/index
INFO: [ app_init ] --START--
INFO: Run Behavior\BuildLiteBehavior [ RunTime:0.000008s ]
INFO: [ app_init ] --END-- [ RunTime:0.000397s ]
INFO: [ app_begin ] --START--
INFO: Run Behavior\ReadHtmlCacheBehavior [ RunTime:0.000475s ]
INFO: [ app_begin ] --END-- [ RunTime:0.000511s ]
INFO: [ view_parse ] --START--
INFO: [ template_filter ] --START--
INFO: Run Behavior\ContentReplaceBehavior [ RunTime:0.000142s ]
INFO: [ template_filter ] --END-- [ RunTime:0.000176s ]
NOTIC: [8] Use of undefined constant index - assumed 'index' D:\www\psd1703\day_09\京东商城\360buy\application\Runtime\Cache\Home\1fe99eff4edbc732d865dffef32db8a6.php 第 89 行.
NOTIC: [8] Use of undefined constant category1 - assumed 'category1' D:\www\psd1703\day_09\京东商城\360buy\application\Runtime\Cache\Home\1fe99eff4edbc732d865dffef32db8a6.php 第 92 行.
NOTIC: [8] Use of undefined constant auction - assumed 'auction' D:\www\psd1703\day_09\京东商城\360buy\application\Runtime\Cache\Home\1fe99eff4edbc732d865dffef32db8a6.php 第 95 行.
NOTIC: [8] Use of undefined constant Diy - assumed 'Diy' D:\www\psd1703\day_09\京东商城\360buy\application\Runtime\Cache\Home\1fe99eff4edbc732d865dffef32db8a6.php 第 98 行.
NOTIC: [8] Use of undefined constant Message - assumed 'Message' D:\www\psd1703\day_09\京东商城\360buy\application\Runtime\Cache\Home\1fe99eff4edbc732d865dffef32db8a6.php 第 101 行.
NOTIC: [8] Use of undefined constant category2 - assumed 'category2' D:\www\psd1703\day_09\京东商城\360buy\application\Runtime\Cache\Home\1fe99eff4edbc732d865dffef32db8a6.php 第 104 行.
NOTIC: [8] Use of undefined constant category3 - assumed 'category3' D:\www\psd1703\day_09\京东商城\360buy\application\Runtime\Cache\Home\1fe99eff4edbc732d865dffef32db8a6.php 第 107 行.
INFO: Run Behavior\ParseTemplateBehavior [ RunTime:0.011598s ]
INFO: [ view_parse ] --END-- [ RunTime:0.011617s ]
INFO: [ view_filter ] --START--
INFO: Run Behavior\WriteHtmlCacheBehavior [ RunTime:0.000606s ]
INFO: [ view_filter ] --END-- [ RunTime:0.000622s ]
INFO: [ app_end ] --START--
INFO: Run Behavior\ShowPageTraceBehavior [ RunTime:0.000876s ]
INFO: [ app_end ] --END-- [ RunTime:0.000895s ]

[ 2017-07-29T21:06:39+08:00 ] 127.0.0.1 /psd1703/day_09/%E4%BA%AC%E4%B8%9C%E5%95%86%E5%9F%8E/360buy/index.php/Auction/category.php?id=355
INFO: [ app_init ] --START--
INFO: Run Behavior\BuildLiteBehavior [ RunTime:0.000007s ]
INFO: [ app_init ] --END-- [ RunTime:0.000413s ]
INFO: [ app_begin ] --START--
INFO: Run Behavior\ReadHtmlCacheBehavior [ RunTime:0.000490s ]
INFO: [ app_begin ] --END-- [ RunTime:0.000514s ]
ERR: 非法操作:category.php

[ 2017-07-29T21:06:43+08:00 ] 127.0.0.1 /psd1703/day_09/%E4%BA%AC%E4%B8%9C%E5%95%86%E5%9F%8E/360buy/index.php/Category/index/id/1
INFO: [ app_init ] --START--
INFO: Run Behavior\BuildLiteBehavior [ RunTime:0.000008s ]
INFO: [ app_init ] --END-- [ RunTime:0.000410s ]
INFO: [ app_begin ] --START--
INFO: Run Behavior\ReadHtmlCacheBehavior [ RunTime:0.000493s ]
INFO: [ app_begin ] --END-- [ RunTime:0.000516s ]
INFO: [ view_parse ] --START--
INFO: [ template_filter ] --START--
INFO: Run Behavior\ContentReplaceBehavior [ RunTime:0.000137s ]
INFO: [ template_filter ] --END-- [ RunTime:0.000169s ]
NOTIC: [8] Use of undefined constant index - assumed 'index' D:\www\psd1703\day_09\京东商城\360buy\application\Runtime\Cache\Home\56ece5756b1d63f72922b36f9e05a4d6.php 第 128 行.
NOTIC: [8] Use of undefined constant category1 - assumed 'category1' D:\www\psd1703\day_09\京东商城\360buy\application\Runtime\Cache\Home\56ece5756b1d63f72922b36f9e05a4d6.php 第 131 行.
NOTIC: [8] Use of undefined constant auction - assumed 'auction' D:\www\psd1703\day_09\京东商城\360buy\application\Runtime\Cache\Home\56ece5756b1d63f72922b36f9e05a4d6.php 第 134 行.
NOTIC: [8] Use of undefined constant Diy - assumed 'Diy' D:\www\psd1703\day_09\京东商城\360buy\application\Runtime\Cache\Home\56ece5756b1d63f72922b36f9e05a4d6.php 第 137 行.
NOTIC: [8] Use of undefined constant Message - assumed 'Message' D:\www\psd1703\day_09\京东商城\360buy\application\Runtime\Cache\Home\56ece5756b1d63f72922b36f9e05a4d6.php 第 140 行.
NOTIC: [8] Use of undefined constant category2 - assumed 'category2' D:\www\psd1703\day_09\京东商城\360buy\application\Runtime\Cache\Home\56ece5756b1d63f72922b36f9e05a4d6.php 第 143 行.
NOTIC: [8] Use of undefined constant category3 - assumed 'category3' D:\www\psd1703\day_09\京东商城\360buy\application\Runtime\Cache\Home\56ece5756b1d63f72922b36f9e05a4d6.php 第 146 行.
INFO: Run Behavior\ParseTemplateBehavior [ RunTime:0.007891s ]
INFO: [ view_parse ] --END-- [ RunTime:0.007915s ]
INFO: [ view_filter ] --START--
INFO: Run Behavior\WriteHtmlCacheBehavior [ RunTime:0.000299s ]
INFO: [ view_filter ] --END-- [ RunTime:0.000316s ]
INFO: [ app_end ] --START--
INFO: Run Behavior\ShowPageTraceBehavior [ RunTime:0.000502s ]
INFO: [ app_end ] --END-- [ RunTime:0.000522s ]

[ 2017-07-29T21:06:46+08:00 ] 127.0.0.1 /psd1703/day_09/%E4%BA%AC%E4%B8%9C%E5%95%86%E5%9F%8E/360buy/index.php/Auction/index
INFO: [ app_init ] --START--
INFO: Run Behavior\BuildLiteBehavior [ RunTime:0.000020s ]
INFO: [ app_init ] --END-- [ RunTime:0.000463s ]
INFO: [ app_begin ] --START--
INFO: Run Behavior\ReadHtmlCacheBehavior [ RunTime:0.000541s ]
INFO: [ app_begin ] --END-- [ RunTime:0.000570s ]
INFO: [ view_parse ] --START--
INFO: [ template_filter ] --START--
INFO: Run Behavior\ContentReplaceBehavior [ RunTime:0.000130s ]
INFO: [ template_filter ] --END-- [ RunTime:0.000151s ]
NOTIC: [8] Use of undefined constant index - assumed 'index' D:\www\psd1703\day_09\京东商城\360buy\application\Runtime\Cache\Home\1fe99eff4edbc732d865dffef32db8a6.php 第 89 行.
NOTIC: [8] Use of undefined constant category1 - assumed 'category1' D:\www\psd1703\day_09\京东商城\360buy\application\Runtime\Cache\Home\1fe99eff4edbc732d865dffef32db8a6.php 第 92 行.
NOTIC: [8] Use of undefined constant auction - assumed 'auction' D:\www\psd1703\day_09\京东商城\360buy\application\Runtime\Cache\Home\1fe99eff4edbc732d865dffef32db8a6.php 第 95 行.
NOTIC: [8] Use of undefined constant Diy - assumed 'Diy' D:\www\psd1703\day_09\京东商城\360buy\application\Runtime\Cache\Home\1fe99eff4edbc732d865dffef32db8a6.php 第 98 行.
NOTIC: [8] Use of undefined constant Message - assumed 'Message' D:\www\psd1703\day_09\京东商城\360buy\application\Runtime\Cache\Home\1fe99eff4edbc732d865dffef32db8a6.php 第 101 行.
NOTIC: [8] Use of undefined constant category2 - assumed 'category2' D:\www\psd1703\day_09\京东商城\360buy\application\Runtime\Cache\Home\1fe99eff4edbc732d865dffef32db8a6.php 第 104 行.
NOTIC: [8] Use of undefined constant category3 - assumed 'category3' D:\www\psd1703\day_09\京东商城\360buy\application\Runtime\Cache\Home\1fe99eff4edbc732d865dffef32db8a6.php 第 107 行.
INFO: Run Behavior\ParseTemplateBehavior [ RunTime:0.007397s ]
INFO: [ view_parse ] --END-- [ RunTime:0.007416s ]
INFO: [ view_filter ] --START--
INFO: Run Behavior\WriteHtmlCacheBehavior [ RunTime:0.000281s ]
INFO: [ view_filter ] --END-- [ RunTime:0.000298s ]
INFO: [ app_end ] --START--
INFO: Run Behavior\ShowPageTraceBehavior [ RunTime:0.000485s ]
INFO: [ app_end ] --END-- [ RunTime:0.000505s ]

[ 2017-07-29T21:06:47+08:00 ] 127.0.0.1 /psd1703/day_09/%E4%BA%AC%E4%B8%9C%E5%95%86%E5%9F%8E/360buy/index.php/Diy/index
INFO: [ app_init ] --START--
INFO: Run Behavior\BuildLiteBehavior [ RunTime:0.000008s ]
INFO: [ app_init ] --END-- [ RunTime:0.000444s ]
INFO: [ app_begin ] --START--
INFO: Run Behavior\ReadHtmlCacheBehavior [ RunTime:0.000544s ]
INFO: [ app_begin ] --END-- [ RunTime:0.000570s ]
INFO: [ view_parse ] --START--
INFO: [ template_filter ] --START--
INFO: Run Behavior\ContentReplaceBehavior [ RunTime:0.000169s ]
INFO: [ template_filter ] --END-- [ RunTime:0.000198s ]
NOTIC: [8] Use of undefined constant index - assumed 'index' D:\www\psd1703\day_09\京东商城\360buy\application\Runtime\Cache\Home\76bdc43bcb12d73524c3f29e02904f3a.php 第 121 行.
NOTIC: [8] Use of undefined constant category1 - assumed 'category1' D:\www\psd1703\day_09\京东商城\360buy\application\Runtime\Cache\Home\76bdc43bcb12d73524c3f29e02904f3a.php 第 124 行.
NOTIC: [8] Use of undefined constant auction - assumed 'auction' D:\www\psd1703\day_09\京东商城\360buy\application\Runtime\Cache\Home\76bdc43bcb12d73524c3f29e02904f3a.php 第 127 行.
NOTIC: [8] Use of undefined constant Diy - assumed 'Diy' D:\www\psd1703\day_09\京东商城\360buy\application\Runtime\Cache\Home\76bdc43bcb12d73524c3f29e02904f3a.php 第 130 行.
NOTIC: [8] Use of undefined constant Message - assumed 'Message' D:\www\psd1703\day_09\京东商城\360buy\application\Runtime\Cache\Home\76bdc43bcb12d73524c3f29e02904f3a.php 第 133 行.
NOTIC: [8] Use of undefined constant category2 - assumed 'category2' D:\www\psd1703\day_09\京东商城\360buy\application\Runtime\Cache\Home\76bdc43bcb12d73524c3f29e02904f3a.php 第 136 行.
NOTIC: [8] Use of undefined constant category3 - assumed 'category3' D:\www\psd1703\day_09\京东商城\360buy\application\Runtime\Cache\Home\76bdc43bcb12d73524c3f29e02904f3a.php 第 139 行.
INFO: Run Behavior\ParseTemplateBehavior [ RunTime:0.015565s ]
INFO: [ view_parse ] --END-- [ RunTime:0.015596s ]
INFO: [ view_filter ] --START--
INFO: Run Behavior\WriteHtmlCacheBehavior [ RunTime:0.000368s ]
INFO: [ view_filter ] --END-- [ RunTime:0.000388s ]
INFO: [ app_end ] --START--
INFO: Run Behavior\ShowPageTraceBehavior [ RunTime:0.000614s ]
INFO: [ app_end ] --END-- [ RunTime:0.000639s ]

[ 2017-07-29T21:06:47+08:00 ] 127.0.0.1 /psd1703/day_09/%E4%BA%AC%E4%B8%9C%E5%95%86%E5%9F%8E/360buy/index.php/Diy/themes/jindong/stye.css
INFO: [ app_init ] --START--
INFO: Run Behavior\BuildLiteBehavior [ RunTime:0.000009s ]
INFO: [ app_init ] --END-- [ RunTime:0.000382s ]
INFO: [ app_begin ] --START--
INFO: Run Behavior\ReadHtmlCacheBehavior [ RunTime:0.000471s ]
INFO: [ app_begin ] --END-- [ RunTime:0.000492s ]
ERR: 非法操作:themes

[ 2017-07-29T21:06:47+08:00 ] 127.0.0.1 /psd1703/day_09/%E4%BA%AC%E4%B8%9C%E5%95%86%E5%9F%8E/360buy/index.php/Diy/diy
INFO: [ app_init ] --START--
INFO: Run Behavior\BuildLiteBehavior [ RunTime:0.000011s ]
INFO: [ app_init ] --END-- [ RunTime:0.000545s ]
INFO: [ app_begin ] --START--
INFO: Run Behavior\ReadHtmlCacheBehavior [ RunTime:0.000671s ]
INFO: [ app_begin ] --END-- [ RunTime:0.000702s ]
INFO: [ view_parse ] --START--
INFO: [ template_filter ] --START--
INFO: Run Behavior\ContentReplaceBehavior [ RunTime:0.000077s ]
INFO: [ template_filter ] --END-- [ RunTime:0.000106s ]
INFO: Run Behavior\ParseTemplateBehavior [ RunTime:0.038807s ]
INFO: [ view_parse ] --END-- [ RunTime:0.038843s ]
INFO: [ view_filter ] --START--
INFO: Run Behavior\WriteHtmlCacheBehavior [ RunTime:0.000387s ]
INFO: [ view_filter ] --END-- [ RunTime:0.000409s ]
INFO: [ app_end ] --START--
INFO: Run Behavior\ShowPageTraceBehavior [ RunTime:0.000684s ]
INFO: [ app_end ] --END-- [ RunTime:0.000710s ]

[ 2017-07-29T21:06:48+08:00 ] 127.0.0.1 /psd1703/day_09/%E4%BA%AC%E4%B8%9C%E5%95%86%E5%9F%8E/360buy/index.php/Message/index
INFO: [ app_init ] --START--
INFO: Run Behavior\BuildLiteBehavior [ RunTime:0.000008s ]
INFO: [ app_init ] --END-- [ RunTime:0.000393s ]
INFO: [ app_begin ] --START--
INFO: Run Behavior\ReadHtmlCacheBehavior [ RunTime:0.000478s ]
INFO: [ app_begin ] --END-- [ RunTime:0.000501s ]
INFO: [ view_parse ] --START--
INFO: [ template_filter ] --START--
INFO: Run Behavior\ContentReplaceBehavior [ RunTime:0.000132s ]
INFO: [ template_filter ] --END-- [ RunTime:0.000154s ]
NOTIC: [8] Use of undefined constant index - assumed 'index' D:\www\psd1703\day_09\京东商城\360buy\application\Runtime\Cache\Home\77f804cf1019937b761af319521ff867.php 第 154 行.
NOTIC: [8] Use of undefined constant category1 - assumed 'category1' D:\www\psd1703\day_09\京东商城\360buy\application\Runtime\Cache\Home\77f804cf1019937b761af319521ff867.php 第 157 行.
NOTIC: [8] Use of undefined constant auction - assumed 'auction' D:\www\psd1703\day_09\京东商城\360buy\application\Runtime\Cache\Home\77f804cf1019937b761af319521ff867.php 第 160 行.
NOTIC: [8] Use of undefined constant Diy - assumed 'Diy' D:\www\psd1703\day_09\京东商城\360buy\application\Runtime\Cache\Home\77f804cf1019937b761af319521ff867.php 第 163 行.
NOTIC: [8] Use of undefined constant Message - assumed 'Message' D:\www\psd1703\day_09\京东商城\360buy\application\Runtime\Cache\Home\77f804cf1019937b761af319521ff867.php 第 166 行.
NOTIC: [8] Use of undefined constant category2 - assumed 'category2' D:\www\psd1703\day_09\京东商城\360buy\application\Runtime\Cache\Home\77f804cf1019937b761af319521ff867.php 第 169 行.
NOTIC: [8] Use of undefined constant category3 - assumed 'category3' D:\www\psd1703\day_09\京东商城\360buy\application\Runtime\Cache\Home\77f804cf1019937b761af319521ff867.php 第 172 行.
INFO: Run Behavior\ParseTemplateBehavior [ RunTime:0.018289s ]
INFO: [ view_parse ] --END-- [ RunTime:0.018310s ]
INFO: [ view_filter ] --START--
INFO: Run Behavior\WriteHtmlCacheBehavior [ RunTime:0.000316s ]
INFO: [ view_filter ] --END-- [ RunTime:0.000330s ]
INFO: [ app_end ] --START--
INFO: Run Behavior\ShowPageTraceBehavior [ RunTime:0.000767s ]
INFO: [ app_end ] --END-- [ RunTime:0.000787s ]

[ 2017-07-29T21:06:48+08:00 ] 127.0.0.1 /psd1703/day_09/%E4%BA%AC%E4%B8%9C%E5%95%86%E5%9F%8E/360buy/index.php/Message/js/common.js
INFO: [ app_init ] --START--
INFO: Run Behavior\BuildLiteBehavior [ RunTime:0.000007s ]
INFO: [ app_init ] --END-- [ RunTime:0.000338s ]
INFO: [ app_begin ] --START--
INFO: Run Behavior\ReadHtmlCacheBehavior [ RunTime:0.000508s ]
INFO: [ app_begin ] --END-- [ RunTime:0.000528s ]
ERR: 非法操作:js

[ 2017-07-29T21:06:49+08:00 ] 127.0.0.1 /psd1703/day_09/%E4%BA%AC%E4%B8%9C%E5%95%86%E5%9F%8E/360buy/index.php/Diy/index
INFO: [ app_init ] --START--
INFO: Run Behavior\BuildLiteBehavior [ RunTime:0.000010s ]
INFO: [ app_init ] --END-- [ RunTime:0.000476s ]
INFO: [ app_begin ] --START--
INFO: Run Behavior\ReadHtmlCacheBehavior [ RunTime:0.000604s ]
INFO: [ app_begin ] --END-- [ RunTime:0.000633s ]
INFO: [ view_parse ] --START--
INFO: [ template_filter ] --START--
INFO: Run Behavior\ContentReplaceBehavior [ RunTime:0.000170s ]
INFO: [ template_filter ] --END-- [ RunTime:0.000196s ]
NOTIC: [8] Use of undefined constant index - assumed 'index' D:\www\psd1703\day_09\京东商城\360buy\application\Runtime\Cache\Home\76bdc43bcb12d73524c3f29e02904f3a.php 第 121 行.
NOTIC: [8] Use of undefined constant category1 - assumed 'category1' D:\www\psd1703\day_09\京东商城\360buy\application\Runtime\Cache\Home\76bdc43bcb12d73524c3f29e02904f3a.php 第 124 行.
NOTIC: [8] Use of undefined constant auction - assumed 'auction' D:\www\psd1703\day_09\京东商城\360buy\application\Runtime\Cache\Home\76bdc43bcb12d73524c3f29e02904f3a.php 第 127 行.
NOTIC: [8] Use of undefined constant Diy - assumed 'Diy' D:\www\psd1703\day_09\京东商城\360buy\application\Runtime\Cache\Home\76bdc43bcb12d73524c3f29e02904f3a.php 第 130 行.
NOTIC: [8] Use of undefined constant Message - assumed 'Message' D:\www\psd1703\day_09\京东商城\360buy\application\Runtime\Cache\Home\76bdc43bcb12d73524c3f29e02904f3a.php 第 133 行.
NOTIC: [8] Use of undefined constant category2 - assumed 'category2' D:\www\psd1703\day_09\京东商城\360buy\application\Runtime\Cache\Home\76bdc43bcb12d73524c3f29e02904f3a.php 第 136 行.
NOTIC: [8] Use of undefined constant category3 - assumed 'category3' D:\www\psd1703\day_09\京东商城\360buy\application\Runtime\Cache\Home\76bdc43bcb12d73524c3f29e02904f3a.php 第 139 行.
INFO: Run Behavior\ParseTemplateBehavior [ RunTime:0.008612s ]
INFO: [ view_parse ] --END-- [ RunTime:0.008641s ]
INFO: [ view_filter ] --START--
INFO: Run Behavior\WriteHtmlCacheBehavior [ RunTime:0.000316s ]
INFO: [ view_filter ] --END-- [ RunTime:0.000333s ]
INFO: [ app_end ] --START--
INFO: Run Behavior\ShowPageTraceBehavior [ RunTime:0.000534s ]
INFO: [ app_end ] --END-- [ RunTime:0.000556s ]

[ 2017-07-29T21:06:49+08:00 ] 127.0.0.1 /psd1703/day_09/%E4%BA%AC%E4%B8%9C%E5%95%86%E5%9F%8E/360buy/index.php/Diy/themes/jindong/stye.css
INFO: [ app_init ] --START--
INFO: Run Behavior\BuildLiteBehavior [ RunTime:0.000006s ]
INFO: [ app_init ] --END-- [ RunTime:0.000336s ]
INFO: [ app_begin ] --START--
INFO: Run Behavior\ReadHtmlCacheBehavior [ RunTime:0.000411s ]
INFO: [ app_begin ] --END-- [ RunTime:0.000431s ]
ERR: 非法操作:themes

[ 2017-07-29T21:06:49+08:00 ] 127.0.0.1 /psd1703/day_09/%E4%BA%AC%E4%B8%9C%E5%95%86%E5%9F%8E/360buy/index.php/Diy/diy
INFO: [ app_init ] --START--
INFO: Run Behavior\BuildLiteBehavior [ RunTime:0.000007s ]
INFO: [ app_init ] --END-- [ RunTime:0.000412s ]
INFO: [ app_begin ] --START--
INFO: Run Behavior\ReadHtmlCacheBehavior [ RunTime:0.000453s ]
INFO: [ app_begin ] --END-- [ RunTime:0.000472s ]
INFO: [ view_parse ] --START--
INFO: [ template_filter ] --START--
INFO: Run Behavior\ContentReplaceBehavior [ RunTime:0.000163s ]
INFO: [ template_filter ] --END-- [ RunTime:0.000282s ]
INFO: Run Behavior\ParseTemplateBehavior [ RunTime:0.007979s ]
INFO: [ view_parse ] --END-- [ RunTime:0.008008s ]
INFO: [ view_filter ] --START--
INFO: Run Behavior\WriteHtmlCacheBehavior [ RunTime:0.000293s ]
INFO: [ view_filter ] --END-- [ RunTime:0.000310s ]
INFO: [ app_end ] --START--
INFO: Run Behavior\ShowPageTraceBehavior [ RunTime:0.000630s ]
INFO: [ app_end ] --END-- [ RunTime:0.000663s ]

[ 2017-07-29T21:06:50+08:00 ] 127.0.0.1 /psd1703/day_09/%E4%BA%AC%E4%B8%9C%E5%95%86%E5%9F%8E/360buy/index.php/Diy/index
INFO: [ app_init ] --START--
INFO: Run Behavior\BuildLiteBehavior [ RunTime:0.000009s ]
INFO: [ app_init ] --END-- [ RunTime:0.000489s ]
INFO: [ app_begin ] --START--
INFO: Run Behavior\ReadHtmlCacheBehavior [ RunTime:0.000558s ]
INFO: [ app_begin ] --END-- [ RunTime:0.000585s ]
INFO: [ view_parse ] --START--
INFO: [ template_filter ] --START--
INFO: Run Behavior\ContentReplaceBehavior [ RunTime:0.000150s ]
INFO: [ template_filter ] --END-- [ RunTime:0.000180s ]
NOTIC: [8] Use of undefined constant index - assumed 'index' D:\www\psd1703\day_09\京东商城\360buy\application\Runtime\Cache\Home\76bdc43bcb12d73524c3f29e02904f3a.php 第 121 行.
NOTIC: [8] Use of undefined constant category1 - assumed 'category1' D:\www\psd1703\day_09\京东商城\360buy\application\Runtime\Cache\Home\76bdc43bcb12d73524c3f29e02904f3a.php 第 124 行.
NOTIC: [8] Use of undefined constant auction - assumed 'auction' D:\www\psd1703\day_09\京东商城\360buy\application\Runtime\Cache\Home\76bdc43bcb12d73524c3f29e02904f3a.php 第 127 行.
NOTIC: [8] Use of undefined constant Diy - assumed 'Diy' D:\www\psd1703\day_09\京东商城\360buy\application\Runtime\Cache\Home\76bdc43bcb12d73524c3f29e02904f3a.php 第 130 行.
NOTIC: [8] Use of undefined constant Message - assumed 'Message' D:\www\psd1703\day_09\京东商城\360buy\application\Runtime\Cache\Home\76bdc43bcb12d73524c3f29e02904f3a.php 第 133 行.
NOTIC: [8] Use of undefined constant category2 - assumed 'category2' D:\www\psd1703\day_09\京东商城\360buy\application\Runtime\Cache\Home\76bdc43bcb12d73524c3f29e02904f3a.php 第 136 行.
NOTIC: [8] Use of undefined constant category3 - assumed 'category3' D:\www\psd1703\day_09\京东商城\360buy\application\Runtime\Cache\Home\76bdc43bcb12d73524c3f29e02904f3a.php 第 139 行.
INFO: Run Behavior\ParseTemplateBehavior [ RunTime:0.008510s ]
INFO: [ view_parse ] --END-- [ RunTime:0.008532s ]
INFO: [ view_filter ] --START--
INFO: Run Behavior\WriteHtmlCacheBehavior [ RunTime:0.000354s ]
INFO: [ view_filter ] --END-- [ RunTime:0.000371s ]
INFO: [ app_end ] --START--
INFO: Run Behavior\ShowPageTraceBehavior [ RunTime:0.000590s ]
INFO: [ app_end ] --END-- [ RunTime:0.000615s ]

[ 2017-07-29T21:06:50+08:00 ] 127.0.0.1 /psd1703/day_09/%E4%BA%AC%E4%B8%9C%E5%95%86%E5%9F%8E/360buy/index.php/Diy/themes/jindong/stye.css
INFO: [ app_init ] --START--
INFO: Run Behavior\BuildLiteBehavior [ RunTime:0.000007s ]
INFO: [ app_init ] --END-- [ RunTime:0.000362s ]
INFO: [ app_begin ] --START--
INFO: Run Behavior\ReadHtmlCacheBehavior [ RunTime:0.000435s ]
INFO: [ app_begin ] --END-- [ RunTime:0.000454s ]
ERR: 非法操作:themes

[ 2017-07-29T21:06:50+08:00 ] 127.0.0.1 /psd1703/day_09/%E4%BA%AC%E4%B8%9C%E5%95%86%E5%9F%8E/360buy/index.php/Diy/diy
INFO: [ app_init ] --START--
INFO: Run Behavior\BuildLiteBehavior [ RunTime:0.000012s ]
INFO: [ app_init ] --END-- [ RunTime:0.000576s ]
INFO: [ app_begin ] --START--
INFO: Run Behavior\ReadHtmlCacheBehavior [ RunTime:0.001486s ]
INFO: [ app_begin ] --END-- [ RunTime:0.001523s ]
INFO: [ view_parse ] --START--
INFO: [ template_filter ] --START--
INFO: Run Behavior\ContentReplaceBehavior [ RunTime:0.000135s ]
INFO: [ template_filter ] --END-- [ RunTime:0.000211s ]
INFO: Run Behavior\ParseTemplateBehavior [ RunTime:0.005832s ]
INFO: [ view_parse ] --END-- [ RunTime:0.005860s ]
INFO: [ view_filter ] --START--
INFO: Run Behavior\WriteHtmlCacheBehavior [ RunTime:0.000346s ]
INFO: [ view_filter ] --END-- [ RunTime:0.000364s ]
INFO: [ app_end ] --START--
INFO: Run Behavior\ShowPageTraceBehavior [ RunTime:0.000548s ]
INFO: [ app_end ] --END-- [ RunTime:0.000569s ]

[ 2017-07-29T21:06:51+08:00 ] 127.0.0.1 /psd1703/day_09/%E4%BA%AC%E4%B8%9C%E5%95%86%E5%9F%8E/360buy/index.php/Goods/index
INFO: [ app_init ] --START--
INFO: Run Behavior\BuildLiteBehavior [ RunTime:0.000008s ]
INFO: [ app_init ] --END-- [ RunTime:0.000403s ]
INFO: [ app_begin ] --START--
INFO: Run Behavior\ReadHtmlCacheBehavior [ RunTime:0.000453s ]
INFO: [ app_begin ] --END-- [ RunTime:0.000474s ]
INFO: [ view_parse ] --START--
INFO: [ template_filter ] --START--
INFO: Run Behavior\ContentReplaceBehavior [ RunTime:0.000310s ]
INFO: [ template_filter ] --END-- [ RunTime:0.000340s ]
NOTIC: [8] Use of undefined constant index - assumed 'index' D:\www\psd1703\day_09\京东商城\360buy\application\Runtime\Cache\Home\77fcabed3fafb337212360fadc8a9934.php 第 253 行.
NOTIC: [8] Undefined variable: pageName D:\www\psd1703\day_09\京东商城\360buy\application\Runtime\Cache\Home\77fcabed3fafb337212360fadc8a9934.php 第 253 行.
NOTIC: [8] Use of undefined constant category1 - assumed 'category1' D:\www\psd1703\day_09\京东商城\360buy\application\Runtime\Cache\Home\77fcabed3fafb337212360fadc8a9934.php 第 256 行.
NOTIC: [8] Undefined variable: pageName D:\www\psd1703\day_09\京东商城\360buy\application\Runtime\Cache\Home\77fcabed3fafb337212360fadc8a9934.php 第 256 行.
NOTIC: [8] Use of undefined constant auction - assumed 'auction' D:\www\psd1703\day_09\京东商城\360buy\application\Runtime\Cache\Home\77fcabed3fafb337212360fadc8a9934.php 第 259 行.
NOTIC: [8] Undefined variable: pageName D:\www\psd1703\day_09\京东商城\360buy\application\Runtime\Cache\Home\77fcabed3fafb337212360fadc8a9934.php 第 259 行.
NOTIC: [8] Use of undefined constant Diy - assumed 'Diy' D:\www\psd1703\day_09\京东商城\360buy\application\Runtime\Cache\Home\77fcabed3fafb337212360fadc8a9934.php 第 262 行.
NOTIC: [8] Undefined variable: pageName D:\www\psd1703\day_09\京东商城\360buy\application\Runtime\Cache\Home\77fcabed3fafb337212360fadc8a9934.php 第 262 行.
NOTIC: [8] Use of undefined constant Message - assumed 'Message' D:\www\psd1703\day_09\京东商城\360buy\application\Runtime\Cache\Home\77fcabed3fafb337212360fadc8a9934.php 第 265 行.
NOTIC: [8] Undefined variable: pageName D:\www\psd1703\day_09\京东商城\360buy\application\Runtime\Cache\Home\77fcabed3fafb337212360fadc8a9934.php 第 265 行.
NOTIC: [8] Use of undefined constant category2 - assumed 'category2' D:\www\psd1703\day_09\京东商城\360buy\application\Runtime\Cache\Home\77fcabed3fafb337212360fadc8a9934.php 第 268 行.
NOTIC: [8] Undefined variable: pageName D:\www\psd1703\day_09\京东商城\360buy\application\Runtime\Cache\Home\77fcabed3fafb337212360fadc8a9934.php 第 268 行.
NOTIC: [8] Use of undefined constant category3 - assumed 'category3' D:\www\psd1703\day_09\京东商城\360buy\application\Runtime\Cache\Home\77fcabed3fafb337212360fadc8a9934.php 第 271 行.
NOTIC: [8] Undefined variable: pageName D:\www\psd1703\day_09\京东商城\360buy\application\Runtime\Cache\Home\77fcabed3fafb337212360fadc8a9934.php 第 271 行.
INFO: Run Behavior\ParseTemplateBehavior [ RunTime:0.025042s ]
INFO: [ view_parse ] --END-- [ RunTime:0.025063s ]
INFO: [ view_filter ] --START--
INFO: Run Behavior\WriteHtmlCacheBehavior [ RunTime:0.000331s ]
INFO: [ view_filter ] --END-- [ RunTime:0.000349s ]
INFO: [ app_end ] --START--
INFO: Run Behavior\ShowPageTraceBehavior [ RunTime:0.000538s ]
INFO: [ app_end ] --END-- [ RunTime:0.000560s ]

